WARN  2012-04-16 20:28:59,472 (SubscriptionManager.java:106) Received error presence package from saros1077680955@conference.jabber.ccc.de/eirikjak@saros-con.imp.fu-berlin.de/Saros, condition: not-authorized, message: A password is required to enter this room
WARN  2012-04-16 20:28:59,741 (SarosSession.java:729) DataObject could not be attached to SarosSession: Checksum(path:SPathDataObject [editorType=txt, path=src/gfx/MenuPanel.java, projectID=1590401804],hash:1695111462,length:143,vectorTime:null)
java.lang.IllegalArgumentException: SPathDataObject cannot be connected to SarosSession because its ID is unknown: 1590401804
	at de.fu_berlin.inf.dpp.activities.SPathDataObject.toSPath(SPathDataObject.java:51)
	at de.fu_berlin.inf.dpp.activities.serializable.ChecksumActivityDataObject.getActivity(ChecksumActivityDataObject.java:148)
	at de.fu_berlin.inf.dpp.project.internal.SarosSession.convertAndQueueProjectActivities(SarosSession.java:725)
	at de.fu_berlin.inf.dpp.project.internal.SarosSession.exec(SarosSession.java:701)
	at de.fu_berlin.inf.dpp.net.internal.ActivitySequencer.execQueue(ActivitySequencer.java:781)
	at de.fu_berlin.inf.dpp.net.internal.ActivitySequencer$2$2.run(ActivitySequencer.java:606)
	at de.fu_berlin.inf.dpp.util.Utils$6.run(Utils.java:377)
	at java.util.concurrent.Executors$RunnableAdapter.call(Executors.java:441)
	at java.util.concurrent.FutureTask$Sync.innerRun(FutureTask.java:303)
	at java.util.concurrent.FutureTask.run(FutureTask.java:138)
	at java.util.concurrent.ThreadPoolExecutor$Worker.runTask(ThreadPoolExecutor.java:886)
	at java.util.concurrent.ThreadPoolExecutor$Worker.run(ThreadPoolExecutor.java:908)
	at java.lang.Thread.run(Thread.java:680)
WARN  2012-04-16 20:28:59,908 (SarosSession.java:729) DataObject could not be attached to SarosSession: Checksum(path:SPathDataObject [editorType=txt, path=src/entity/Entity.java, projectID=1590401804],hash:-2124319502,length:1175,vectorTime:null)
java.lang.IllegalArgumentException: SPathDataObject cannot be connected to SarosSession because its ID is unknown: 1590401804
	at de.fu_berlin.inf.dpp.activities.SPathDataObject.toSPath(SPathDataObject.java:51)
	at de.fu_berlin.inf.dpp.activities.serializable.ChecksumActivityDataObject.getActivity(ChecksumActivityDataObject.java:148)
	at de.fu_berlin.inf.dpp.project.internal.SarosSession.convertAndQueueProjectActivities(SarosSession.java:725)
	at de.fu_berlin.inf.dpp.project.internal.SarosSession.exec(SarosSession.java:701)
	at de.fu_berlin.inf.dpp.net.internal.ActivitySequencer.execQueue(ActivitySequencer.java:781)
	at de.fu_berlin.inf.dpp.net.internal.ActivitySequencer$2$2.run(ActivitySequencer.java:606)
	at de.fu_berlin.inf.dpp.util.Utils$6.run(Utils.java:377)
	at java.util.concurrent.Executors$RunnableAdapter.call(Executors.java:441)
	at java.util.concurrent.FutureTask$Sync.innerRun(FutureTask.java:303)
	at java.util.concurrent.FutureTask.run(FutureTask.java:138)
	at java.util.concurrent.ThreadPoolExecutor$Worker.runTask(ThreadPoolExecutor.java:886)
	at java.util.concurrent.ThreadPoolExecutor$Worker.run(ThreadPoolExecutor.java:908)
	at java.lang.Thread.run(Thread.java:680)
WARN  2012-04-16 20:28:59,942 (SarosSession.java:729) DataObject could not be attached to SarosSession: TextSelectionActivityDataObject(offset:1160,length:0,src:olavolseng@saros-con.imp.fu-berlin.de/Saros,path:SPathDataObject [editorType=txt, path=src/entity/Entity.java, projectID=1590401804])
java.lang.IllegalArgumentException: SPathDataObject cannot be connected to SarosSession because its ID is unknown: 1590401804
	at de.fu_berlin.inf.dpp.activities.SPathDataObject.toSPath(SPathDataObject.java:51)
	at de.fu_berlin.inf.dpp.activities.serializable.TextSelectionActivityDataObject.getActivity(TextSelectionActivityDataObject.java:109)
	at de.fu_berlin.inf.dpp.project.internal.SarosSession.convertAndQueueProjectActivities(SarosSession.java:725)
	at de.fu_berlin.inf.dpp.project.internal.SarosSession.exec(SarosSession.java:701)
	at de.fu_berlin.inf.dpp.net.internal.ActivitySequencer.execQueue(ActivitySequencer.java:781)
	at de.fu_berlin.inf.dpp.net.internal.ActivitySequencer$2$2.run(ActivitySequencer.java:606)
	at de.fu_berlin.inf.dpp.util.Utils$6.run(Utils.java:377)
	at java.util.concurrent.Executors$RunnableAdapter.call(Executors.java:441)
	at java.util.concurrent.FutureTask$Sync.innerRun(FutureTask.java:303)
	at java.util.concurrent.FutureTask.run(FutureTask.java:138)
	at java.util.concurrent.ThreadPoolExecutor$Worker.runTask(ThreadPoolExecutor.java:886)
	at java.util.concurrent.ThreadPoolExecutor$Worker.run(ThreadPoolExecutor.java:908)
	at java.lang.Thread.run(Thread.java:680)
WARN  2012-04-16 20:28:59,974 (SarosSession.java:729) DataObject could not be attached to SarosSession: ViewportActivityDataObject(path:SPathDataObject [editorType=txt, path=src/entity/Entity.java, projectID=1590401804],range:(15,61))
java.lang.IllegalArgumentException: SPathDataObject cannot be connected to SarosSession because its ID is unknown: 1590401804
	at de.fu_berlin.inf.dpp.activities.SPathDataObject.toSPath(SPathDataObject.java:51)
	at de.fu_berlin.inf.dpp.activities.serializable.ViewportActivityDataObject.getActivity(ViewportActivityDataObject.java:108)
	at de.fu_berlin.inf.dpp.project.internal.SarosSession.convertAndQueueProjectActivities(SarosSession.java:725)
	at de.fu_berlin.inf.dpp.project.internal.SarosSession.exec(SarosSession.java:701)
	at de.fu_berlin.inf.dpp.net.internal.ActivitySequencer.execQueue(ActivitySequencer.java:781)
	at de.fu_berlin.inf.dpp.net.internal.ActivitySequencer$2$2.run(ActivitySequencer.java:606)
	at de.fu_berlin.inf.dpp.util.Utils$6.run(Utils.java:377)
	at java.util.concurrent.Executors$RunnableAdapter.call(Executors.java:441)
	at java.util.concurrent.FutureTask$Sync.innerRun(FutureTask.java:303)
	at java.util.concurrent.FutureTask.run(FutureTask.java:138)
	at java.util.concurrent.ThreadPoolExecutor$Worker.runTask(ThreadPoolExecutor.java:886)
	at java.util.concurrent.ThreadPoolExecutor$Worker.run(ThreadPoolExecutor.java:908)
	at java.lang.Thread.run(Thread.java:680)
WARN  2012-04-16 20:29:00,955 (SharedProjectFileDecorator.java:134) path object should not be null
WARN  2012-04-16 20:29:06,382 (SharedResourcesManager.java:426) Resource changed while paused:
C(0) /
C(0) /Tanks 2
A /Tanks 2/1590401804&&&&5898140214584727669.zip

WARN  2012-04-16 20:29:07,580 (SharedProjectFileDecorator.java:134) path object should not be null
WARN  2012-04-16 20:29:15,415 (SharedProjectFileDecorator.java:134) path object should not be null
ERROR 2012-04-16 22:24:07,597 (SarosNet.java:451) XMPP Connection Error: 
java.net.SocketException: Operation timed out
	at java.net.SocketInputStream.socketRead0(Native Method)
	at java.net.SocketInputStream.read(SocketInputStream.java:129)
	at com.sun.net.ssl.internal.ssl.InputRecord.readFully(InputRecord.java:293)
	at com.sun.net.ssl.internal.ssl.InputRecord.read(InputRecord.java:331)
	at com.sun.net.ssl.internal.ssl.SSLSocketImpl.readRecord(SSLSocketImpl.java:798)
	at com.sun.net.ssl.internal.ssl.SSLSocketImpl.readDataRecord(SSLSocketImpl.java:755)
	at com.sun.net.ssl.internal.ssl.AppInputStream.read(AppInputStream.java:75)
	at sun.nio.cs.StreamDecoder.readBytes(StreamDecoder.java:264)
	at sun.nio.cs.StreamDecoder.implRead(StreamDecoder.java:306)
	at sun.nio.cs.StreamDecoder.read(StreamDecoder.java:158)
	at java.io.InputStreamReader.read(InputStreamReader.java:167)
	at java.io.BufferedReader.fill(BufferedReader.java:136)
	at java.io.BufferedReader.read1(BufferedReader.java:187)
	at java.io.BufferedReader.read(BufferedReader.java:261)
	at org.xmlpull.mxp1.MXParser.fillBuf(MXParser.java:2992)
	at org.xmlpull.mxp1.MXParser.more(MXParser.java:3046)
	at org.xmlpull.mxp1.MXParser.nextImpl(MXParser.java:1144)
	at org.xmlpull.mxp1.MXParser.next(MXParser.java:1093)
	at org.jivesoftware.smack.PacketReader.parsePackets(PacketReader.java:325)
	at org.jivesoftware.smack.PacketReader.access$000(PacketReader.java:43)
	at org.jivesoftware.smack.PacketReader$1.run(PacketReader.java:70)
ERROR 2012-04-16 22:24:07,735 (SarosNet.java:430) New Connection State == ERROR
java.net.SocketException: Operation timed out
	at java.net.SocketInputStream.socketRead0(Native Method)
	at java.net.SocketInputStream.read(SocketInputStream.java:129)
	at com.sun.net.ssl.internal.ssl.InputRecord.readFully(InputRecord.java:293)
	at com.sun.net.ssl.internal.ssl.InputRecord.read(InputRecord.java:331)
	at com.sun.net.ssl.internal.ssl.SSLSocketImpl.readRecord(SSLSocketImpl.java:798)
	at com.sun.net.ssl.internal.ssl.SSLSocketImpl.readDataRecord(SSLSocketImpl.java:755)
	at com.sun.net.ssl.internal.ssl.AppInputStream.read(AppInputStream.java:75)
	at sun.nio.cs.StreamDecoder.readBytes(StreamDecoder.java:264)
	at sun.nio.cs.StreamDecoder.implRead(StreamDecoder.java:306)
	at sun.nio.cs.StreamDecoder.read(StreamDecoder.java:158)
	at java.io.InputStreamReader.read(InputStreamReader.java:167)
	at java.io.BufferedReader.fill(BufferedReader.java:136)
	at java.io.BufferedReader.read1(BufferedReader.java:187)
	at java.io.BufferedReader.read(BufferedReader.java:261)
	at org.xmlpull.mxp1.MXParser.fillBuf(MXParser.java:2992)
	at org.xmlpull.mxp1.MXParser.more(MXParser.java:3046)
	at org.xmlpull.mxp1.MXParser.nextImpl(MXParser.java:1144)
	at org.xmlpull.mxp1.MXParser.next(MXParser.java:1093)
	at org.jivesoftware.smack.PacketReader.parsePackets(PacketReader.java:325)
	at org.jivesoftware.smack.PacketReader.access$000(PacketReader.java:43)
	at org.jivesoftware.smack.PacketReader$1.run(PacketReader.java:70)
